2023-12-25 11:54:15.837 [info] Log level: Info
2023-12-25 11:54:15.837 [info] Validating found git in: "git"
2023-12-25 11:54:15.837 [info] Using git "2.34.1" from "git"
2023-12-25 11:54:15.837 [info] > git rev-parse --show-toplevel [6ms]
2023-12-25 11:54:15.837 [info] fatal: not a git repository (or any of the parent directories): .git
2023-12-25 11:54:15.837 [info] > git rev-parse --show-toplevel [2ms]
2023-12-25 11:54:15.837 [info] fatal: not a git repository (or any of the parent directories): .git
2023-12-25 11:54:15.837 [info] > git rev-parse --show-toplevel [1ms]
2023-12-25 11:54:15.837 [info] fatal: not a git repository (or any of the parent directories): .git
2023-12-25 11:54:18.297 [info] > git rev-parse --show-toplevel [4ms]
2023-12-25 11:54:18.297 [info] fatal: not a git repository (or any of the parent directories): .git
2023-12-25 12:56:42.441 [info] > git rev-parse --show-toplevel [2ms]
2023-12-25 12:56:42.447 [info] > git rev-parse --git-dir --git-common-dir [1ms]
2023-12-25 12:56:42.463 [info] Open repository: /home/ivaesbel
2023-12-25 12:56:42.477 [info] No remotes found in the git config file.
2023-12-25 12:56:42.478 [info] > git config --get commit.template [6ms]
2023-12-25 12:56:42.479 [info] > git for-each-ref --format=%(refname)%00%(upstream:short)%00%(objectname)%00%(upstream:track)%00%(upstream:remotename)%00%(upstream:remoteref) refs/heads/master refs/remotes/master [3ms]
2023-12-25 12:56:42.519 [info] > git status -z -uall [34ms]
2023-12-25 12:56:42.552 [info] No remotes found in the git config file.
2023-12-25 12:56:42.556 [info] > git config --get commit.template [4ms]
2023-12-25 12:56:42.725 [info] > git for-each-ref --format=%(refname)%00%(upstream:short)%00%(objectname)%00%(upstream:track)%00%(upstream:remotename)%00%(upstream:remoteref) refs/heads/master refs/remotes/master [170ms]
2023-12-25 12:56:42.739 [info] > git status -z -uall [10ms]
2023-12-25 12:56:42.991 [info] > git check-ignore -v -z --stdin [1ms]
2023-12-25 12:56:44.284 [info] > git show --textconv :web.html [8ms]
2023-12-25 12:56:44.286 [info] > git ls-files --stage -- /home/ivaesbel/web.html [3ms]
